2021-04-22 10:31:11,225 INFO org.springframework.boot.StartupInfoLogger [main] Starting SaludAragonApplication using Java 11.0.8 on DESKTOP-SPU9LGP with PID 11136 (C:\Users\shady\Documents\Proyectos_IntelliJ\SaludAragon\target\classes started by shady in C:\Users\shady\Documents\Proyectos_IntelliJ\SaludAragon)
2021-04-22 10:31:11,228 INFO org.springframework.boot.SpringApplication [main] No active profile set, falling back to default profiles: default
2021-04-22 10:31:11,855 INFO org.springframework.data.repository.config.RepositoryConfigurationDelegate [main] Bootstrapping Spring Data JPA repositories in DEFAULT mode.
2021-04-22 10:31:11,915 INFO org.springframework.data.repository.config.RepositoryConfigurationDelegate [main] Finished Spring Data repository scanning in 53 ms. Found 4 JPA repository interfaces.
2021-04-22 10:31:12,465 INFO org.springframework.boot.web.embedded.tomcat.TomcatWebServer [main] Tomcat initialized with port(s): 8080 (http)
2021-04-22 10:31:12,476 INFO org.apache.juli.logging.DirectJDKLog [main] Initializing ProtocolHandler ["http-nio-8080"]
2021-04-22 10:31:12,477 INFO org.apache.juli.logging.DirectJDKLog [main] Starting service [Tomcat]
2021-04-22 10:31:12,477 INFO org.apache.juli.logging.DirectJDKLog [main] Starting Servlet engine: [Apache Tomcat/9.0.43]
2021-04-22 10:31:12,572 INFO org.apache.juli.logging.DirectJDKLog [main] Initializing Spring embedded WebApplicationContext
2021-04-22 10:31:12,573 INFO org.springframework.boot.web.servlet.context.ServletWebServerApplicationContext [main] Root WebApplicationContext: initialization completed in 1308 ms
2021-04-22 10:31:12,738 INFO org.hibernate.jpa.internal.util.LogHelper [main] HHH000204: Processing PersistenceUnitInfo [name: default]
2021-04-22 10:31:12,806 INFO org.hibernate.Version [main] HHH000412: Hibernate ORM core version 5.4.28.Final
2021-04-22 10:31:12,926 INFO org.hibernate.annotations.common.reflection.java.JavaReflectionManager [main] HCANN000001: Hibernate Commons Annotations {5.1.2.Final}
2021-04-22 10:31:13,016 INFO com.zaxxer.hikari.HikariDataSource [main] HikariPool-1 - Starting...
2021-04-22 10:31:13,178 INFO com.zaxxer.hikari.HikariDataSource [main] HikariPool-1 - Start completed.
2021-04-22 10:31:13,194 INFO org.hibernate.dialect.Dialect [main] HHH000400: Using dialect: org.hibernate.dialect.MySQL55Dialect
2021-04-22 10:31:13,816 INFO org.hibernate.engine.transaction.jta.platform.internal.JtaPlatformInitiator [main] HHH000490: Using JtaPlatform implementation: [org.hibernate.engine.transaction.jta.platform.internal.NoJtaPlatform]
2021-04-22 10:31:13,823 INFO org.springframework.orm.jpa.AbstractEntityManagerFactoryBean [main] Initialized JPA EntityManagerFactory for persistence unit 'default'
2021-04-22 10:31:14,210 WARN org.springframework.boot.autoconfigure.orm.jpa.JpaBaseConfiguration$JpaWebConfiguration [main] spring.jpa.open-in-view is enabled by default. Therefore, database queries may be performed during view rendering. Explicitly configure spring.jpa.open-in-view to disable this warning
2021-04-22 10:31:14,268 INFO org.springframework.scheduling.concurrent.ExecutorConfigurationSupport [main] Initializing ExecutorService 'applicationTaskExecutor'
2021-04-22 10:31:14,627 WARN org.springframework.boot.autoconfigure.thymeleaf.ThymeleafAutoConfiguration$DefaultTemplateResolverConfiguration [main] Cannot find template location: classpath:/templates/ (please add some templates or check your Thymeleaf configuration)
2021-04-22 10:31:14,757 INFO org.apache.juli.logging.DirectJDKLog [main] Starting ProtocolHandler ["http-nio-8080"]
2021-04-22 10:31:14,806 INFO org.springframework.boot.web.embedded.tomcat.TomcatWebServer [main] Tomcat started on port(s): 8080 (http) with context path ''
2021-04-22 10:31:14,814 INFO org.springframework.boot.StartupInfoLogger [main] Started SaludAragonApplication in 4.004 seconds (JVM running for 4.374)
2021-04-22 10:32:02,377 INFO org.apache.juli.logging.DirectJDKLog [http-nio-8080-exec-1] Initializing Spring DispatcherServlet 'dispatcherServlet'
2021-04-22 10:32:02,378 INFO org.springframework.web.servlet.FrameworkServlet [http-nio-8080-exec-1] Initializing Servlet 'dispatcherServlet'
2021-04-22 10:32:02,379 INFO org.springframework.web.servlet.FrameworkServlet [http-nio-8080-exec-1] Completed initialization in 1 ms
2021-04-22 10:32:02,466 INFO com.sanvalero.saludaragon.controller.HospitalController [http-nio-8080-exec-1] Inicio addHospital
2021-04-22 10:32:02,575 INFO com.sanvalero.saludaragon.controller.HospitalController [http-nio-8080-exec-1] Fin addHospital
2021-04-22 10:33:18,168 WARN org.springframework.web.servlet.handler.AbstractHandlerExceptionResolver [http-nio-8080-exec-5] Resolved [org.springframework.http.converter.HttpMessageNotReadableException: JSON parse error: Cannot deserialize value of type `java.time.LocalDate` from String "2020-04-21": Failed to deserialize java.time.LocalDate: (java.time.format.DateTimeParseException) Text '2020-04-21' could not be parsed at index 2; nested exception is com.fasterxml.jackson.databind.exc.InvalidFormatException: Cannot deserialize value of type `java.time.LocalDate` from String "2020-04-21": Failed to deserialize java.time.LocalDate: (java.time.format.DateTimeParseException) Text '2020-04-21' could not be parsed at index 2
 at [Source: (PushbackInputStream); line: 4, column: 16] (through reference chain: com.sanvalero.saludaragon.domain.dto.EmployeeDTO["dateHired"])]
2021-04-22 10:33:51,564 INFO com.sanvalero.saludaragon.controller.EmployeeController [http-nio-8080-exec-7] Inicio addEmployeeToHospital
2021-04-22 10:33:51,585 INFO com.sanvalero.saludaragon.controller.EmployeeController [http-nio-8080-exec-7] Fin addEmployeeToHospital
2021-04-22 10:36:11,665 INFO com.sanvalero.saludaragon.controller.HospitalController [http-nio-8080-exec-10] Inicio deleteHospital
2021-04-22 10:36:11,693 INFO com.sanvalero.saludaragon.controller.HospitalController [http-nio-8080-exec-10] Fin deleteHospital
2021-04-22 10:37:09,021 INFO com.sanvalero.saludaragon.controller.HospitalController [http-nio-8080-exec-2] Inicio addHospital
2021-04-22 10:37:09,031 INFO com.sanvalero.saludaragon.controller.HospitalController [http-nio-8080-exec-2] Fin addHospital
2021-04-22 10:37:27,080 INFO com.sanvalero.saludaragon.controller.EmployeeController [http-nio-8080-exec-1] Inicio addEmployeeToHospital
2021-04-22 10:37:27,089 INFO com.sanvalero.saludaragon.controller.EmployeeController [http-nio-8080-exec-1] Fin addEmployeeToHospital
2021-04-22 10:53:40,577 INFO org.springframework.boot.StartupInfoLogger [main] Starting SaludAragonApplication using Java 11.0.8 on DESKTOP-SPU9LGP with PID 16368 (C:\Users\shady\Documents\Proyectos_IntelliJ\SaludAragon\target\classes started by shady in C:\Users\shady\Documents\Proyectos_IntelliJ\SaludAragon)
2021-04-22 10:53:40,579 INFO org.springframework.boot.SpringApplication [main] No active profile set, falling back to default profiles: default
2021-04-22 10:53:41,179 INFO org.springframework.data.repository.config.RepositoryConfigurationDelegate [main] Bootstrapping Spring Data JPA repositories in DEFAULT mode.
2021-04-22 10:53:41,237 INFO org.springframework.data.repository.config.RepositoryConfigurationDelegate [main] Finished Spring Data repository scanning in 49 ms. Found 4 JPA repository interfaces.
2021-04-22 10:53:41,789 INFO org.springframework.boot.web.embedded.tomcat.TomcatWebServer [main] Tomcat initialized with port(s): 8080 (http)
2021-04-22 10:53:41,800 INFO org.apache.juli.logging.DirectJDKLog [main] Initializing ProtocolHandler ["http-nio-8080"]
2021-04-22 10:53:41,801 INFO org.apache.juli.logging.DirectJDKLog [main] Starting service [Tomcat]
2021-04-22 10:53:41,801 INFO org.apache.juli.logging.DirectJDKLog [main] Starting Servlet engine: [Apache Tomcat/9.0.43]
2021-04-22 10:53:41,904 INFO org.apache.juli.logging.DirectJDKLog [main] Initializing Spring embedded WebApplicationContext
2021-04-22 10:53:41,904 INFO org.springframework.boot.web.servlet.context.ServletWebServerApplicationContext [main] Root WebApplicationContext: initialization completed in 1292 ms
2021-04-22 10:53:42,048 INFO org.hibernate.jpa.internal.util.LogHelper [main] HHH000204: Processing PersistenceUnitInfo [name: default]
2021-04-22 10:53:42,098 INFO org.hibernate.Version [main] HHH000412: Hibernate ORM core version 5.4.28.Final
2021-04-22 10:53:42,185 INFO org.hibernate.annotations.common.reflection.java.JavaReflectionManager [main] HCANN000001: Hibernate Commons Annotations {5.1.2.Final}
2021-04-22 10:53:42,263 INFO com.zaxxer.hikari.HikariDataSource [main] HikariPool-1 - Starting...
2021-04-22 10:53:42,418 INFO com.zaxxer.hikari.HikariDataSource [main] HikariPool-1 - Start completed.
2021-04-22 10:53:42,432 INFO org.hibernate.dialect.Dialect [main] HHH000400: Using dialect: org.hibernate.dialect.MySQL55Dialect
2021-04-22 10:53:42,963 INFO org.hibernate.engine.transaction.jta.platform.internal.JtaPlatformInitiator [main] HHH000490: Using JtaPlatform implementation: [org.hibernate.engine.transaction.jta.platform.internal.NoJtaPlatform]
2021-04-22 10:53:42,970 INFO org.springframework.orm.jpa.AbstractEntityManagerFactoryBean [main] Initialized JPA EntityManagerFactory for persistence unit 'default'
2021-04-22 10:53:43,348 WARN org.springframework.boot.autoconfigure.orm.jpa.JpaBaseConfiguration$JpaWebConfiguration [main] spring.jpa.open-in-view is enabled by default. Therefore, database queries may be performed during view rendering. Explicitly configure spring.jpa.open-in-view to disable this warning
2021-04-22 10:53:43,404 INFO org.springframework.scheduling.concurrent.ExecutorConfigurationSupport [main] Initializing ExecutorService 'applicationTaskExecutor'
2021-04-22 10:53:43,744 WARN org.springframework.boot.autoconfigure.thymeleaf.ThymeleafAutoConfiguration$DefaultTemplateResolverConfiguration [main] Cannot find template location: classpath:/templates/ (please add some templates or check your Thymeleaf configuration)
2021-04-22 10:53:43,876 INFO org.apache.juli.logging.DirectJDKLog [main] Starting ProtocolHandler ["http-nio-8080"]
2021-04-22 10:53:43,918 INFO org.springframework.boot.web.embedded.tomcat.TomcatWebServer [main] Tomcat started on port(s): 8080 (http) with context path ''
2021-04-22 10:53:43,931 INFO org.springframework.boot.StartupInfoLogger [main] Started SaludAragonApplication in 3.726 seconds (JVM running for 4.085)
2021-04-22 10:53:49,104 INFO org.apache.juli.logging.DirectJDKLog [http-nio-8080-exec-2] Initializing Spring DispatcherServlet 'dispatcherServlet'
2021-04-22 10:53:49,104 INFO org.springframework.web.servlet.FrameworkServlet [http-nio-8080-exec-2] Initializing Servlet 'dispatcherServlet'
2021-04-22 10:53:49,107 INFO org.springframework.web.servlet.FrameworkServlet [http-nio-8080-exec-2] Completed initialization in 2 ms
2021-04-22 10:53:49,132 INFO com.sanvalero.saludaragon.controller.LocationController [http-nio-8080-exec-2] Inicio getLocations
2021-04-22 10:53:49,271 INFO com.sanvalero.saludaragon.controller.LocationController [http-nio-8080-exec-2] Fin getLocations
2021-04-22 10:59:14,699 INFO com.sanvalero.saludaragon.controller.LocationController [http-nio-8080-exec-5] Inicio deleteLocation
2021-04-22 10:59:14,744 INFO com.sanvalero.saludaragon.controller.LocationController [http-nio-8080-exec-5] Fin deleteLocation
